2025-09-22 14:11:06 [INFO] Starting USMNT update pipeline at 2025-09-22 14:11:06.572447.
2025-09-22 14:11:06 [INFO] Fetching latest player data...
2025-09-22 14:11:07 [INFO] Fetched 23 players data.
2025-09-22 14:11:07 [INFO] Connecting to the database...
2025-09-22 14:11:07 [INFO] Saving 23 players to the database...
2025-09-22 14:11:07 [INFO] 23/23 players saved...
2025-09-22 14:11:07 [INFO] All players saved successfully.
2025-09-22 14:11:07 [INFO] Database connection closed.
2025-09-22 14:11:07 [INFO] Saved 23 players to the database.
2025-09-22 14:11:07 [INFO] Updating player match stats...
2025-09-22 14:20:38 [INFO] Player stats updated successfully.
2025-09-22 14:20:38 [INFO] USMNT update pipeline completed successfully.

2025-09-29 14:10:21 [INFO] Starting USMNT update pipeline at 2025-09-29 14:10:21.337282.
2025-09-29 14:10:21 [INFO] Fetching latest player data...
2025-09-29 14:10:22 [INFO] Fetched 23 players data.
2025-09-29 14:10:22 [INFO] Connecting to the database...
2025-09-29 14:10:22 [INFO] Saving 23 players to the database...
2025-09-29 14:10:22 [INFO] 23/23 players saved...
2025-09-29 14:10:22 [INFO] All players saved successfully.
2025-09-29 14:10:22 [INFO] Database connection closed.
2025-09-29 14:10:22 [INFO] Saved 23 players to the database.
2025-09-29 14:10:22 [INFO] Updating player match stats...
2025-09-29 14:18:47 [INFO] Player stats updated successfully.
2025-09-29 14:18:47 [INFO] USMNT update pipeline completed successfully.

